NearBuy_App/app/build/intermediates/manifest_merge_blame_file/debug/manifest-merger-blame-debug-report.txt
1<?xml version="1.0" encoding="utf-8"?>
2<manifest xmlns:android="http://schemas.android.com/apk/res/android"
3    package="com.example.nearbuy_app"
4    android:versionCode="1"
5    android:versionName="1.0" >
6
7    <uses-sdk
8        android:minSdkVersion="16"
8-->src\main\AndroidManifest.xml
9        android:targetSdkVersion="30" />
9-->src\main\AndroidManifest.xml
10
11    <uses-permission android:name="android.permission.ACCESS_FINE_LOCATION" />
11-->src\main\AndroidManifest.xml:5:5-79
11-->src\main\AndroidManifest.xml:5:22-76
12    <uses-permission android:name="android.permission.INTERNET" />
12-->src\main\AndroidManifest.xml:6:5-67
12-->src\main\AndroidManifest.xml:6:22-64
13    <uses-permission android:name="android.permission.CAMERA" />
13-->src\main\AndroidManifest.xml:7:5-65
13-->src\main\AndroidManifest.xml:7:22-62
14
15    <application
15-->src\main\AndroidManifest.xml:9:5-44:19
16        android:allowBackup="true"
16-->src\main\AndroidManifest.xml:10:9-35
17        android:appComponentFactory="androidx.core.app.CoreComponentFactory"
17-->[androidx.core:core:1.5.0] AndroidManifest.xml:24:18-86
18        android:debuggable="true"
19        android:icon="@mipmap/ic_launcher"
19-->src\main\AndroidManifest.xml:11:9-43
20        android:label="@string/app_name"
20-->src\main\AndroidManifest.xml:12:9-41
21        android:roundIcon="@mipmap/ic_launcher_round"
21-->src\main\AndroidManifest.xml:13:9-54
22        android:supportsRtl="true"
22-->src\main\AndroidManifest.xml:14:9-35
23        android:testOnly="true"
24        android:theme="@style/Theme.NearBuy_App" >
24-->src\main\AndroidManifest.xml:15:9-49
25        <activity android:name="com.example.nearbuy_app.HelpActivity" />
25-->src\main\AndroidManifest.xml:16:9-59
25-->src\main\AndroidManifest.xml:16:19-47
26        <activity android:name="com.example.nearbuy_app.popularHangoutsActivity" />
26-->src\main\AndroidManifest.xml:17:9-61
26-->src\main\AndroidManifest.xml:17:19-58
27        <activity android:name="com.example.nearbuy_app.PaymentActivity" />
27-->src\main\AndroidManifest.xml:18:9-53
27-->src\main\AndroidManifest.xml:18:19-50
28        <activity android:name="com.example.nearbuy_app.CardActivity" />
28-->src\main\AndroidManifest.xml:19:9-50
28-->src\main\AndroidManifest.xml:19:19-47
29        <activity android:name="com.example.nearbuy_app.LoginStart" />
29-->src\main\AndroidManifest.xml:20:9-48
29-->src\main\AndroidManifest.xml:20:19-45
30        <activity android:name="com.example.nearbuy_app.WebActivity" />
30-->src\main\AndroidManifest.xml:21:9-49
30-->src\main\AndroidManifest.xml:21:19-46
31        <activity android:name="com.example.nearbuy_app.ShareAndRateActivity" />
31-->src\main\AndroidManifest.xml:22:9-58
31-->src\main\AndroidManifest.xml:22:19-55
32        <activity android:name="com.example.nearbuy_app.SalonActivity" />
32-->src\main\AndroidManifest.xml:23:9-51
32-->src\main\AndroidManifest.xml:23:19-48
33        <activity android:name="com.example.nearbuy_app.ReservationActivity" />
33-->src\main\AndroidManifest.xml:24:9-57
33-->src\main\AndroidManifest.xml:24:19-54
34        <activity android:name="com.example.nearbuy_app.PromocodesActivity" />
34-->src\main\AndroidManifest.xml:25:9-56
34-->src\main\AndroidManifest.xml:25:19-53
35        <activity android:name="com.example.nearbuy_app.ProfileActivity" />
35-->src\main\AndroidManifest.xml:26:9-53
35-->src\main\AndroidManifest.xml:26:19-50
36        <activity android:name="com.example.nearbuy_app.NotificationActivity" />
36-->src\main\AndroidManifest.xml:27:9-58
36-->src\main\AndroidManifest.xml:27:19-55
37        <activity android:name="com.example.nearbuy_app.MenuActivity" />
37-->src\main\AndroidManifest.xml:28:9-50
37-->src\main\AndroidManifest.xml:28:19-47
38        <activity android:name="com.example.nearbuy_app.CreditActivity" />
38-->src\main\AndroidManifest.xml:29:9-52
38-->src\main\AndroidManifest.xml:29:19-49
39        <activity android:name="com.example.nearbuy_app.PurchaseActivity" />
39-->src\main\AndroidManifest.xml:30:9-54
39-->src\main\AndroidManifest.xml:30:19-51
40        <activity android:name="com.example.nearbuy_app.ResturantActivity" />
40-->src\main\AndroidManifest.xml:31:9-55
40-->src\main\AndroidManifest.xml:31:19-52
41        <activity android:name="com.example.nearbuy_app.StoriesActivity" />
41-->src\main\AndroidManifest.xml:32:9-53
41-->src\main\AndroidManifest.xml:32:19-50
42        <activity android:name="com.example.nearbuy_app.MapScreen" />
42-->src\main\AndroidManifest.xml:33:9-47
42-->src\main\AndroidManifest.xml:33:19-44
43        <activity android:name="com.example.nearbuy_app.EnterMoNoScreen" />
43-->src\main\AndroidManifest.xml:34:9-53
43-->src\main\AndroidManifest.xml:34:19-50
44        <activity android:name="com.example.nearbuy_app.OpeningActivity" >
44-->src\main\AndroidManifest.xml:35:9-41:20
44-->src\main\AndroidManifest.xml:35:19-50
45            <intent-filter>
45-->src\main\AndroidManifest.xml:36:13-40:29
46                <action android:name="android.intent.action.MAIN" />
46-->src\main\AndroidManifest.xml:37:17-69
46-->src\main\AndroidManifest.xml:37:25-66
47
48                <category android:name="android.intent.category.LAUNCHER" />
48-->src\main\AndroidManifest.xml:39:17-77
48-->src\main\AndroidManifest.xml:39:27-74
49            </intent-filter>
50        </activity>
51        <activity android:name="com.example.nearbuy_app.MainActivity2" />
51-->src\main\AndroidManifest.xml:42:9-51
51-->src\main\AndroidManifest.xml:42:19-48
52        <activity android:name="com.example.nearbuy_app.MainActivity" />
52-->src\main\AndroidManifest.xml:43:9-50
52-->src\main\AndroidManifest.xml:43:19-47
53    </application>
54
55</manifest>